Start testing: Aug 09 12:27 CEST
----------------------------------------------------------
1/1 Testing: test_wibesocket
1/1 Test: test_wibesocket
Command: "/home/jord/Documents/gross/wibesocket/WibeSocket/build/test_wibesocket"
Directory: /home/jord/Documents/gross/wibesocket/WibeSocket/build
"test_wibesocket" start time: Aug 09 12:27 CEST
Output:
----------------------------------------------------------
[skip] set WIBESOCKET_TEST_ECHO_URI to run smoke connect.
test_wibesocket OK
<end of output>
Test time =   0.00 sec
----------------------------------------------------------
Test Passed.
"test_wibesocket" end time: Aug 09 12:27 CEST
"test_wibesocket" time elapsed: 00:00:00
----------------------------------------------------------

End testing: Aug 09 12:27 CEST
